<?xml version="1.0" encoding="UTF-8"?>
<!-- Generated by org.testng.reporters.JUnitReportReporter -->
<testsuite hostname="DESKTOP-CODLMV7" failures="0" tests="2" name="com.myecom.testcases.SignInPageTest" time="56.829" errors="0" timestamp="2022-09-15T16:43:26 IST" skipped="0">
  <testcase classname="com.myecom.testcases.SignInPageTest" name="signUp" time="32.590"/>
  <system-out/>
  <testcase classname="com.myecom.testcases.SignInPageTest" name="login" time="24.239"/>
  <system-out/>
</testsuite> <!-- com.myecom.testcases.SignInPageTest -->
